  [1m[35m (677.2ms)[0m  [1m[35mCREATE DATABASE "Todo_development" ENCODING = 'unicode'[0m
  ↳ bin/rails:9
  [1m[35m (161.1ms)[0m  [1m[35mCREATE DATABASE "Todo_test" ENCODING = 'unicode'[0m
  ↳ bin/rails:9
  [1m[35m (50.4ms)[0m  [1m[35mDROP DATABASE IF EXISTS "Todo_development"[0m
  ↳ bin/rails:9
  [1m[35m (67.1ms)[0m  [1m[35mDROP DATABASE IF EXISTS "Todo_test"[0m
  ↳ bin/rails:9
  [1m[35m (149.0ms)[0m  [1m[35mCREATE DATABASE "Todo_development" ENCODING = 'unicode'[0m
  ↳ bin/rails:9
  [1m[35m (330.5ms)[0m  [1m[35mCREATE DATABASE "Todo_test" ENCODING = 'unicode'[0m
  ↳ bin/rails:9
  [1m[35m (6.9ms)[0m  [1m[35mCREATE DATABASE "Todo_development" ENCODING = 'unicode'[0m
  ↳ bin/rails:9
  [1m[35m (2.4ms)[0m  [1m[35mCREATE DATABASE "Todo_test" ENCODING = 'unicode'[0m
  ↳ bin/rails:9
  [1m[35m (58.7ms)[0m  [1m[35mCREATE TABLE "schema_migrations" ("version" character varying NOT NULL PRIMARY KEY)[0m
  ↳ bin/rails:9
  [1m[35m (11.5ms)[0m  [1m[35mCREATE TABLE "ar_internal_metadata" ("key" character varying NOT NULL PRIMARY KEY, "value" character varying, "created_at" timestamp NOT NULL, "updated_at" timestamp NOT NULL)[0m
  ↳ bin/rails:9
  [1m[35m (2.1ms)[0m  [1m[34mSELECT pg_try_advisory_lock(6585743112091172610)[0m
  ↳ bin/rails:9
  [1m[35m (1.5ms)[0m  [1m[34mSELECT "schema_migrations"."version" FROM "schema_migrations" ORDER BY "schema_migrations"."version" ASC[0m
  ↳ bin/rails:9
Migrating to CreateTodoItems (20210916221730)
  [1m[35m (0.2ms)[0m  [1m[35mBEGIN[0m
  ↳ bin/rails:9
  [1m[35m (12.6ms)[0m  [1m[35mCREATE TABLE "todo_items" ("id" bigserial primary key, "title" character varying NOT NULL, "body" character varying NOT NULL, "done" boolean NOT NULL, "created_at" timestamp NOT NULL, "updated_at" timestamp NOT NULL)[0m
  ↳ db/migrate/20210916221730_create_todo_items.rb:3
  [1m[36mActiveRecord::SchemaMigration Create (6.0ms)[0m  [1m[32mINSERT INTO "schema_migrations" ("version") VALUES ($1) RETURNING "version"[0m  [["version", "20210916221730"]]
  ↳ bin/rails:9
  [1m[35m (0.9ms)[0m  [1m[35mCOMMIT[0m
  ↳ bin/rails:9
  [1m[36mActiveRecord::InternalMetadata Load (3.4ms)[0m  [1m[34mSELECT  "ar_internal_metadata".* FROM "ar_internal_metadata" WHERE "ar_internal_metadata"."key" = $1 LIMIT $2[0m  [["key", "environment"], ["LIMIT", 1]]
  ↳ bin/rails:9
  [1m[35m (37.3ms)[0m  [1m[35mBEGIN[0m
  ↳ bin/rails:9
  [1m[36mActiveRecord::InternalMetadata Create (3.1ms)[0m  [1m[32mINSERT INTO "ar_internal_metadata" ("key", "value", "created_at", "updated_at") VALUES ($1, $2, $3, $4) RETURNING "key"[0m  [["key", "environment"], ["value", "development"], ["created_at", "2021-09-16 22:21:17.737722"], ["updated_at", "2021-09-16 22:21:17.737722"]]
  ↳ bin/rails:9
  [1m[35m (1.0ms)[0m  [1m[35mCOMMIT[0m
  ↳ bin/rails:9
  [1m[35m (0.6ms)[0m  [1m[34mSELECT pg_advisory_unlock(6585743112091172610)[0m
  ↳ bin/rails:9
  [1m[35m (1.1ms)[0m  [1m[34mSELECT "schema_migrations"."version" FROM "schema_migrations" ORDER BY "schema_migrations"."version" ASC[0m
  ↳ bin/rails:9
  [1m[35m (3.2ms)[0m  [1m[35mBEGIN[0m
  [1m[36mTodoItem Create (3.1ms)[0m  [1m[32mINSERT INTO "todo_items" ("title", "body", "done", "created_at", "updated_at") VALUES ($1, $2, $3, $4, $5) RETURNING "id"[0m  [["title", "cook"], ["body", "cook food"], ["done", false], ["created_at", "2021-09-16 22:30:09.346372"], ["updated_at", "2021-09-16 22:30:09.346372"]]
  [1m[35m (1.6ms)[0m  [1m[35mCOMMIT[0m
